
@----------------------------------------------------------@
|        PLINK!       |     v1.07      |   10/Aug/2009     |
|----------------------------------------------------------|
|  (C) 2009 Shaun Purcell, GNU General Public License, v2  |
|----------------------------------------------------------|
|  For documentation, citation & bug-report instructions:  |
|        http://pngu.mgh.harvard.edu/purcell/plink/        |
@----------------------------------------------------------@

Skipping web check... [ --noweb ] 
Writing this text to log file [ plink.log ]
Analysis started: Wed Jun 19 12:08:05 2013

Options in effect:
	--noweb
	--file data/test
	--freq
	--allow-no-sex

10 (of 10) markers to be included from [ data/test.map ]
14 individuals read from [ data/test.ped ] 
14 individuals with nonmissing phenotypes
Assuming a disease phenotype (1=unaff, 2=aff, 0=miss)
Missing phenotype value is also -9
7 cases, 7 controls and 0 missing
14 males, 0 females, and 0 of unspecified sex
Before frequency and genotyping pruning, there are 10 SNPs
14 founders and 0 non-founders found
Writing allele frequencies (founders-only) to [ plink.frq ] 

Analysis finished: Wed Jun 19 12:08:05 2013

